<?xml version="1.0" encoding="UTF-8"?>
<testsuite name="com.example.app_02.ExampleUnitTest" tests="1" skipped="0" failures="0" errors="0" timestamp="2024-03-26T08:20:18" hostname="L" time="0.467">
  <properties/>
  <testcase name="test" classname="com.example.app_02.ExampleUnitTest" time="0.467"/>
  <system-out><![CDATA[startTime: 1, endTime: 1
record: 1

]]></system-out>
  <system-err><![CDATA[]]></system-err>
</testsuite>
